# stage 0 
100 episodes, total time: 7.32, update time: 0.00 (sample time: 0.00, target action time: 0.00, pure update time: 0.00), save time: 0.06.
reward: [-11.508507354146996, -14.69435785287423, -12.424464936566213]

50000 episodes, total time: 8.62, update time: 1.78 (sample time: 0.00, target action time: 0.00, pure update time: 1.78), save time: 0.04.
reward: [34.7475140653806, 29.81800654994992, 28.50966427624231] 
sum: 93.07518489157283, mean: 31.025061630574276, std: 2.819178136201123
Total training time:  1h11m25s.128.

# stage 1
100 episodes, total time: 13.65, update time: 0.00 (sample time: 0.00, target action time: 0.00, pure update time: 0.00), save time: 0.04.
reward: [-14.268854112447595, -14.320833563817931, -16.478733973931558, -11.964835521958316, -16.510881393898394, -13.411799602458117]

20000 episodes, total time: 16.68, update time: 2.66 (sample time: 0.00, target action time: 0.00, pure update time: 2.66), save time: 0.04.
reward: [-0.9183863456542118, -1.976268782442331, 0.406424119199196, -2.4956273271100717, -1.470216094169882, -0.7858772875619471] 
sum: -8.123106000000001, mean: -1.3538516666666668, std: 1.0171000000000001
Total training time:  0h54m 6s.819.

# stage 2
100 episodes, total time: 30.57, update time: 0.00 (sample time: 0.00, target action time: 0.00, pure update time: 0.00), save time: 0.04.
reward: [-12.942012168226634, -13.720834006854574, -15.854955183306563, -14.68463968344127, -15.18613536222023, -15.977169642485404, -16.669513177449456, -13.83863584801409, -15.608702762323153, -14.481307816965103, -16.304442773941716, -15.77504531060183]

20000 episodes, total time: 36.83, update time: 5.91 (sample time: 0.00, target action time: 0.00, pure update time: 5.91), save time: 0.04.
reward: [-6.868214859801624, -8.4266546200333, -5.7141627664871955, -5.265723020784635, -5.848506998842593, -7.22155570847716, -6.644785951342582, -6.752455585791196, -7.043502865119416, -7.191166895465223, -7.195039777608125, -5.808291979291351] 
sum: -78.00000000000001, mean: -6.5, std: 0.8660254037844386
Total training time:  2h 0m 9s.518.