# stage 0 seed 0-5
# stage 1 seed 0-5
# stage 2 seed 0-5


# stage 0 seed 0
100 episodes, total time: 1.04, update time: 0.00 (sample time: 0.00, target action time: 0.00, pure update time: 0.00), save time: 0.08.
reward: [-121.50203680290213, -88.2797514523489, -79.80481970817853] 
sum: -289.5866079634296, mean: -96.52886932114319, std: 15.201100100000001

50000 episodes, total time: 5.31, update time: 4.15 (sample time: 0.00, target action time: 0.00, pure update time: 4.13), save time: 0.08.
reward: [-54.216658436570434, -58.49745306266819, -55.87893540162254] 
sum: -168.59304690086117, mean: -56.19768230028672, std: 1.6551001000000002
Total training time:  0h42m30s.756.

# stage 1 seed 0
100 episodes, total time: 1.99, update time: 0.00 (sample time: 0.00, target action time: 0.00, pure update time: 0.00), save time: 0.09.
reward: [-151.73331514901864, -122.85031472489638, -149.30388663876093, -152.74177760917854, -153.97256004798257, -159.8773227366609] 
sum: -910.6294267865366, mean: -151.77157113092344, std: 13.201100100000001

25000 episodes, total time: 12.27, update time: 10.37 (sample time: 0.00, target action time: 0.00, pure update time: 10.36), save time: 0.08.
reward: [-114.58449989771557, -118.21972943299065, -145.06937854368238, -124.50950213545964, -118.02428322740018, -135.9503568932749] 
sum: -741.346990386133, mean: -123.55883173002217, std: 11.201100100000001
Total training time:  0h49m31s.347.

# stage 2 seed 0
100 episodes, total time: 4.31, update time: 0.00 (sample time: 0.00, target action time: 0.00, pure update time: 0.00), save time: 0.12.
reward: [-268.88418079362407, -278.0726198730642, -279.3469010410624, -278.3662891584145, -343.0961132622714, -294.35366969072334, -307.8768812694427, -286.49204768093324, -275.1531570149282, -315.34586392291055, -285.9644303154983, -257.4898235512884] 
sum: -3369.0000000000005, mean: -280.75000000000006, std: 26.201100100000002

25000 episodes, total time: 72.05, update time: 68.05 (sample time: 0.00, target action time: 0.00, pure update time: 68.04), save time: 0.11.
reward: [-284.82590484916375, -288.40702796948756, -281.7515214436936, -292.59789064357716, -286.5885143360694, -283.4334229127955, -261.7475117932152, -293.9454946151593, -277.2712040917819, -276.51952480933153, -311.62234954622505, -312.03250195015977] 
sum: -3400.0000000000005, mean: -283.33333333333337, std: 16.201100100000002
Total training time:  4h50m20s.657.

