# stage 0 seed 0-5
# stage 1 seed 0-5
# stage 2 seed 0-5

# stage 0 seed 0
100 episodes, total time: 1.02, update time: 0.00 (sample time: 0.00, target action time: 0.00, pure update time: 0.00), save time: 0.10.
reward: [-16.363085393448348, -16.35541285416287, -13.484016793195684]

50000 episodes, total time: 4.90, update time: 3.82 (sample time: 0.00, target action time: 0.00, pure update time: 3.79), save time: 0.10.
reward: [69.89588628034122, 69.64004965118093, 70.02421255106405] 
sum: 209.5601484825862, mean: 69.85338282752873
Total training time:  0h39m55s.749.

# stage 1 seed 0
100 episodes, total time: 1.67, update time: 0.00 (sample time: 0.00, target action time: 0.00, pure update time: 0.00), save time: 0.11.
reward: [54.14160376049561, 56.81944384413789, 57.504710658616624, 55.65868621955271, 56.3100544830015, 56.12203817633501]

20000 episodes, total time: 11.63, update time: 9.96 (sample time: 0.00, target action time: 0.00, pure update time: 9.94), save time: 0.11.
reward: [75.01577068269673, 74.18814011473775, 74.42418524037842, 75.40222302468378, 74.35347030988181, 75.08625391373477] 
sum: 449.5874772991833, mean: 74.93124538319888
Total training time:  0h35m40s.435.

# stage 2 seed 0
100 episodes, total time: 4.02, update time: 0.00 (sample time: 0.00, target action time: 0.00, pure update time: 0.00), save time: 0.13.
reward: [75.9059167083475, 76.24442106814156, 75.81932364180297, 75.90346105847037, 76.07590377121551, 74.70273109570495, 76.43559873536546, 76.10136176112775, 76.26996057969279, 75.57318705354791, 76.34819042289055, 75.01300692031323]

20000 episodes, total time: 79.09, update time: 75.25 (sample time: 0.00, target action time: 0.00, pure update time: 75.23), save time: 0.11.
reward: [65.78642099384865, 66.45308834999096, 66.6284440353327, 64.14301338285182, 66.90950013705402, 65.89484422537713, 67.08508299958436, 65.05352428364725, 66.63705376190805, 66.06390506851609, 66.94414272650225, 66.36130797976305] 
sum: 792.0000000000001, mean: 66.0
Total training time:  4h 5m28s.180.

