# stage 0 seed 0-5
# stage 1 seed 0-5
# stage 2 seed 0-5

# random stage with 1700 episodes
100 episodes, total time: 0.99, update time: 0.00 (sample time: 0.00, target action time: 0.00, pure update time: 0.00), save time: 0.10.
Estimated finish time:  0h 8m12s.368
Time grass: [0.   0.25 0.5 ], time live: [0.01666667 0.01666667 0.01666667]
reward: [-15.823981003367646, -13.985146715270194, -16.194451495013105]
1700 episodes, total time: 4.80, update time: 3.72 (sample time: 0.00, target action time: 0.00, pure update time: 3.69), save time: 0.10.
Estimated finish time:  0h38m40s.726
Time grass: [0.05 0.2  0.05], time live: [0.01666667 0.01666667 0.01666667]
reward: [-20.06076613331704, -15.255358169359528, -14.778878853848017]

# stage 0 seed 0
100 episodes, total time: 1.02, update time: 0.00 (sample time: 0.00, target action time: 0.00, pure update time: 0.00), save time: 0.10.
Estimated finish time:  0h 8m29s.423
Time grass: [0.3 0.  0.9], time live: [0.01666667 0.01666667 0.01666667]
reward: [-16.363085393448348, -16.35541285416287, -13.484016793195684]
50000 episodes, total time: 4.90, update time: 3.82 (sample time: 0.00, target action time: 0.00, pure update time: 3.79), save time: 0.10.
Estimated finish time:  0h 0m 0s.  0
Time grass: [14.3  11.65 11.2 ], time live: [0.68333333 0.68333333 0.68333333]
reward: [69.89588628034122, 69.64004965118093, 70.02421255106405]
Time grass: [15.40176  6.10764 13.08804], time live: [0.52963333 0.52963333 0.52963333]
Total training time:  0h39m55s.749.

# stage 0 seed 1
100 episodes, total time: 0.98, update time: 0.00 (sample time: 0.00, target action time: 0.00, pure update time: 0.00), save time: 0.10.
Estimated finish time:  0h 8m 7s.316
Time grass: [0.15 0.55 0.45], time live: [0. 0. 0.]
reward: [-13.29337856560806, -13.871372985991112, -15.958822732495932]
50000 episodes, total time: 4.82, update time: 3.75 (sample time: 0.00, target action time: 0.00, pure update time: 3.73), save time: 0.10.
Estimated finish time:  0h 0m 0s.  0
Time grass: [13.3  18.05 11.5 ], time live: [0.71666667 0.71666667 0.71666667]
reward: [81.86466312653515, 81.99123855579609, 82.48979808266628]
Time grass: [ 8.97964 14.07824 11.5984 ], time live: [0.54826 0.54826 0.54826]
Total training time:  0h40m13s.896.

# stage 0 seed 5
100 episodes, total time: 0.98, update time: 0.00 (sample time: 0.00, target action time: 0.00, pure update time: 0.00), save time: 0.10.
Estimated finish time:  0h 8m 9s.690
Time grass: [0.4  1.05 0.3 ], time live: [0.01666667 0.01666667 0.01666667]
reward: [-10.78643455638361, -10.135692796181852, -13.32402579612933]
50000 episodes, total time: 4.79, update time: 3.75 (sample time: 0.00, target action time: 0.00, pure update time: 3.73), save time: 0.09.
Estimated finish time:  0h 0m 0s.  0
Time grass: [15.4   0.05 10.65], time live: [0.43333333 0.43333333 0.43333333]
reward: [42.08217590334076, 36.43820596947745, 42.35655762055671]
Time grass: [ 6.69182  0.3683  16.29254], time live: [0.38649333 0.38649333 0.38649333]
Total training time:  0h39m24s.555.

# stage 1 seed 0
100 episodes, total time: 1.67, update time: 0.00 (sample time: 0.00, target action time: 0.00, pure update time: 0.00), save time: 0.11.
Estimated finish time:  0h 5m31s.637
Time grass: [10.7  13.8  17.95 13.05 13.9  17.65], time live: [0.54166667 0.54166667 0.54166667 0.54166667 0.54166667 0.54166667]
reward: [54.14160376049561, 56.81944384413789, 57.504710658616624, 55.65868621955271, 56.3100544830015, 56.12203817633501]
20000 episodes, total time: 11.63, update time: 9.96 (sample time: 0.00, target action time: 0.00, pure update time: 9.94), save time: 0.11.
Estimated finish time:  0h 0m 0s.  0
Time grass: [12.7  17.2  15.15 15.75 15.95 17.65], time live: [0.61666667 0.61666667 0.61666667 0.61666667 0.61666667 0.61666667]
reward: [75.01577068269673, 74.18814011473775, 74.42418524037842, 75.40222302468378, 74.35347030988181, 75.08625391373477]
Time grass: [ 7.7289  13.0507  17.9215  11.14255 12.12975 18.5411 ], time live: [0.572025 0.572025 0.572025 0.572025 0.572025 0.572025]
Total training time:  0h35m40s.435.

# stage 2 seed 0
100 episodes, total time: 4.02, update time: 0.00 (sample time: 0.00, target action time: 0.00, pure update time: 0.00), save time: 0.13.
Estimated finish time:  0h13m19s.876
Time grass: [19.55 17.6  16.35 16.2  20.35 13.3  17.3  19.15 17.15 17.65 19.15 13.7 ], time live: [0.6375 0.6375 0.6375 0.6375 0.6375 0.6375 0.6375 0.6375 0.6375 0.6375
 0.6375 0.6375]
reward: [75.9059167083475, 76.24442106814156, 75.81932364180297, 75.90346105847037, 76.07590377121551, 74.70273109570495, 76.43559873536546, 76.10136176112775, 76.26996057969279, 75.57318705354791, 76.34819042289055, 75.01300692031323]
20000 episodes, total time: 79.09, update time: 75.25 (sample time: 0.00, target action time: 0.00, pure update time: 75.23), save time: 0.11.
Estimated finish time:  0h 0m 0s.  0
Time grass: [15.65  4.85 19.85  6.15 18.15 10.8  19.45 10.35 18.25 15.95 20.4  15.6 ], time live: [0.55833333 0.55833333 0.55833333 0.55833333 0.55833333 0.55833333
 0.55833333 0.55833333 0.55833333 0.55833333 0.55833333 0.55833333]
reward: [65.78642099384865, 66.45308834999096, 66.6284440353327, 64.14301338285182, 66.90950013705402, 65.89484422537713, 67.08508299958436, 65.05352428364725, 66.63705376190805, 66.06390506851609, 66.94414272650225, 66.36130797976305]
Time grass: [15.2523  13.2334  17.78775  6.792   20.5823  10.6457  17.59985 11.5408
 18.30075 15.6282  21.18315 11.34225], time live: [0.5680375 0.5680375 0.5680375 0.5680375 0.5680375 0.5680375 0.5680375
 0.5680375 0.5680375 0.5680375 0.5680375 0.5680375]
Total training time:  4h 5m28s.180.



Competing stage-0 ...
collaborate!!!!!!!!!!!!!!!!!!!!!!!!!!!!!
Starting building graph & initialization & restoring...
Building graph & initialization & restoring done in 6.78 seconds
Start training!
Total training time:  0h 5m36s.956.
Time grass: [15.38272 12.75182  9.50442], time live: [0.64198 0.64198 0.64198]
Time grass: [11.85702 18.28854 12.32478], time live: [0.6846 0.6846 0.6846]
Time grass: [16.75226 18.30946  1.28582], time live: [0.56204 0.56204 0.56204]
Time grass: [17.75096 16.13232 15.28408], time live: [0.68247333 0.68247333 0.68247333]
Time grass: [13.06372 14.32232 18.0082 ], time live: [0.74369333 0.74369333 0.74369333]
Time grass: [15.16342  0.34238 11.81982], time live: [0.47154 0.47154 0.47154]


Competing stage-1 ...
collaborate!!!!!!!!!!!!!!!!!!!!!!!!!!!!!
Starting building graph & initialization & restoring...
Building graph & initialization & restoring done in 8.36 seconds
Start training!
Total training time:  0h 4m34s.598.
Time grass: [12.62655 17.10695 16.47615 14.35875 15.85855 17.4906 ], time live: [0.63301667 0.63301667 0.63301667 0.63301667 0.63301667 0.63301667]
Time grass: [10.82325 15.00375 18.3088  18.2134  15.49065 17.1604 ], time live: [0.65711667 0.65711667 0.65711667 0.65711667 0.65711667 0.65711667]
Time grass: [13.13945 11.78945 15.2896  16.4808  20.3321   9.3685 ], time live: [0.62795 0.62795 0.62795 0.62795 0.62795 0.62795]
Time grass: [18.111   14.59825  7.66005 12.7954  14.84805 15.74605], time live: [0.57216667 0.57216667 0.57216667 0.57216667 0.57216667 0.57216667]
Time grass: [17.4102  17.2446  16.24615 15.23925 18.98835 12.6925 ], time live: [0.653275 0.653275 0.653275 0.653275 0.653275 0.653275]
Time grass: [16.25235 19.2206  11.18915 14.2715  18.11585 10.86395], time live: [0.599975 0.599975 0.599975 0.599975 0.599975 0.599975]













-- Wolves from competitor 0 V.S. Sheep from baseline 0 (./result/food_collect_epc/stage-0/seed-0 and ./result/food_collect_epc/stage-0/seed-0) --

Wolves

Sheep
-- rewards --
Individuals:
mean: [76.18285573 75.07938415 73.69897706]
var: [3151.1421897  3200.96926733 3252.33170347]
Sum:
mean: 224.96121693407315
var: 28602.471951345273
-- time grass --
Individuals:
mean: [15.38272 12.75182  9.50442]
var: [45.3906854  47.76422669 45.83974046]
Sum:
mean: 37.63896
var: 136.52869011840002
-- time live --
Individuals:
mean: [0.64198 0.64198 0.64198]
var: [0.04601057 0.04601057 0.04601057]
Sum:
mean: 1.92594
var: 0.41409511639999996
wolf precision: 0.0
sheep precision: 0.7563394998457409


-- Wolves from competitor 0 V.S. Sheep from baseline 1 (./result/food_collect_epc/stage-0/seed-0 and ./result/food_collect_epc/stage-0/seed-1) --

Wolves

Sheep
-- rewards --
Individuals:
mean: [89.35360253 90.79965382 91.65291186]
var: [3928.95161477 3876.52210931 3773.63324731]
Sum:
mean: 271.806168213008
var: 34603.07578233717
-- time grass --
Individuals:
mean: [11.85702 18.28854 12.32478]
var: [38.54385672 16.72280467 43.54345795]
Sum:
mean: 42.47034
var: 86.3344402844
-- time live --
Individuals:
mean: [0.6846 0.6846 0.6846]
var: [0.04025173 0.04025173 0.04025173]
Sum:
mean: 2.0538
var: 0.3622655600000001
wolf precision: 0.0
sheep precision: 0.8319023474223062


-- Wolves from competitor 0 V.S. Sheep from baseline 2 (./result/food_collect_epc/stage-0/seed-0 and ./result/food_collect_epc/stage-0/seed-2) --

Wolves

Sheep
-- rewards --
Individuals:
mean: [60.96372823 61.57295173 55.96027195]
var: [975.73436704 961.413182   825.2715767 ]
Sum:
mean: 178.49695191319154
var: 8177.835790764448
-- time grass --
Individuals:
mean: [16.75226 18.30946  1.28582]
var: [27.36624489 15.56009451  4.73960693]
Sum:
mean: 36.34754
var: 47.3181959484
-- time live --
Individuals:
mean: [0.56204 0.56204 0.56204]
var: [0.03063548 0.03063548 0.03063548]
Sum:
mean: 1.68612
var: 0.2757193456
wolf precision: 0.0
sheep precision: 0.4044214581538534


-- Wolves from competitor 0 V.S. Sheep from baseline 3 (./result/food_collect_epc/stage-0/seed-0 and ./result/food_collect_epc/stage-0/seed-3) --

Wolves

Sheep
-- rewards --
Individuals:
mean: [92.43336894 91.76406446 90.84396475]
var: [5184.09468314 5211.33492795 5243.72116521]
Sum:
mean: 275.04139814665336
var: 46745.411460632655
-- time grass --
Individuals:
mean: [17.75096 16.13232 15.28408]
var: [19.52197908 30.27625142 39.53041855]
Sum:
mean: 49.16736
var: 100.64643063040002
-- time live --
Individuals:
mean: [0.68247333 0.68247333 0.68247333]
var: [0.04050348 0.04050348 0.04050348]
Sum:
mean: 2.04742
var: 0.36453134359999995
wolf precision: 0.0
sheep precision: 0.9669065255817922


-- Wolves from competitor 0 V.S. Sheep from baseline 4 (./result/food_collect_epc/stage-0/seed-0 and ./result/food_collect_epc/stage-0/seed-4) --

Wolves

Sheep
-- rewards --
Individuals:
mean: [101.32238603 103.1444924  102.2612092 ]
var: [4939.41150549 4795.64301036 4922.52652196]
Sum:
mean: 306.7280876315558
var: 43838.289944747725
-- time grass --
Individuals:
mean: [13.06372 14.32232 18.0082 ]
var: [38.81521976 37.25266982 18.81857276]
Sum:
mean: 45.39424
var: 85.5292148224
-- time live --
Individuals:
mean: [0.74369333 0.74369333 0.74369333]
var: [0.03430689 0.03430689 0.03430689]
Sum:
mean: 2.23108
var: 0.3087620336
wolf precision: 0.0
sheep precision: 0.9363577301944779


-- Wolves from competitor 0 V.S. Sheep from baseline 5 (./result/food_collect_epc/stage-0/seed-0 and ./result/food_collect_epc/stage-0/seed-5) --

Wolves

Sheep
-- rewards --
Individuals:
mean: [45.49634839 39.37747225 46.27199739]
var: [742.72803591 631.10324834 690.73027483]
Sum:
mean: 131.1458180321435
var: 6041.035149309609
-- time grass --
Individuals:
mean: [15.16342  0.34238 11.81982]
var: [40.8064339   3.02491594 48.43227517]
Sum:
mean: 27.32562
var: 87.63451161559999
-- time live --
Individuals:
mean: [0.47154 0.47154 0.47154]
var: [0.03599892 0.03599892 0.03599892]
Sum:
mean: 1.41462
var: 0.32399025560000005
wolf precision: 0.0
sheep precision: 0.347592725738316


Competitor wolf scores: [[0. 0. 0. 0. 0. 0.]]
mean: [0.]
worst: [0.]


Competitor wolf time grass: [[0. 0. 0. 0. 0. 0.]]
mean: [0.]
worst: [0.]


Competitor wolf time live: [[0. 0. 0. 0. 0. 0.]]
mean: [0.]
worst: [0.]

Competitor sheep scores: [[0. 0. 0. 0. 0. 0.]]
mean: [0.]
worst: [0.]


Competitor sheep time grass: [[0. 0. 0. 0. 0. 0.]]
mean: [0.]
worst: [0.]


Competitor sheep time live: [[0. 0. 0. 0. 0. 0.]]
mean: [0.]
worst: [0.]


Baseline wolf scores: [[0.]
 [0.]
 [0.]
 [0.]
 [0.]
 [0.]]
mean: [0. 0. 0. 0. 0. 0.]
worst: [0. 0. 0. 0. 0. 0.]


Baseline wolf time grass: [[0.]
 [0.]
 [0.]
 [0.]
 [0.]
 [0.]]
mean: [0. 0. 0. 0. 0. 0.]
worst: [0. 0. 0. 0. 0. 0.]


Baseline wolf time live: [[0.]
 [0.]
 [0.]
 [0.]
 [0.]
 [0.]]
mean: [0. 0. 0. 0. 0. 0.]
worst: [0. 0. 0. 0. 0. 0.]

Baseline sheep scores: [[224.96121693]
 [271.80616821]
 [178.49695191]
 [275.04139815]
 [306.72808763]
 [131.14581803]]
mean: [224.96121693 271.80616821 178.49695191 275.04139815 306.72808763
 131.14581803]
worst: [224.96121693 271.80616821 178.49695191 275.04139815 306.72808763
 131.14581803]


Baseline sheep time grass: [[12.54632   ]
 [14.15678   ]
 [12.11584667]
 [16.38912   ]
 [15.13141333]
 [ 9.10854   ]]
mean: [12.54632    14.15678    12.11584667 16.38912    15.13141333  9.10854   ]
worst: [12.54632    14.15678    12.11584667 16.38912    15.13141333  9.10854   ]


Baseline sheep time live: [[0.64198   ]
 [0.6846    ]
 [0.56204   ]
 [0.68247333]
 [0.74369333]
 [0.47154   ]]
mean: [0.64198    0.6846     0.56204    0.68247333 0.74369333 0.47154   ]
worst: [0.64198    0.6846     0.56204    0.68247333 0.74369333 0.47154   ]




-- Wolves from competitor 0 V.S. Sheep from baseline 0 (./result/food_collect_epc/stage-1/seed-0 and ./result/food_collect_epc/stage-1/seed-0) --

Wolves

Sheep
-- rewards --
Individuals:
mean: [70.29348439 70.58233179 71.11031961 70.17378445 70.63974253 71.27677199]
var: [541.61377701 556.87519849 558.07019115 542.46997695 552.00216598
 557.75685327]
Sum:
mean: 424.0764347601843
var: 19511.08354187904
-- time grass --
Individuals:
mean: [12.62655 17.10695 16.47615 14.35875 15.85855 17.4906 ]
var: [34.3349851  27.2243117  41.15233118 24.01834844 26.9209419  29.78781164]
Sum:
mean: 93.91755
var: 193.1139519975
-- time live --
Individuals:
mean: [0.63301667 0.63301667 0.63301667 0.63301667 0.63301667 0.63301667]
var: [0.0198649 0.0198649 0.0198649 0.0198649 0.0198649 0.0198649]
Sum:
mean: 3.7981
var: 0.7151363900000001
wolf precision: 0.0
sheep precision: 0.9877014615226365


-- Wolves from competitor 0 V.S. Sheep from baseline 1 (./result/food_collect_epc/stage-1/seed-0 and ./result/food_collect_epc/stage-1/seed-1) --

Wolves

Sheep
-- rewards --
Individuals:
mean: [72.6391561  72.90970255 73.14771718 71.97394783 72.79305067 72.74261391]
var: [595.95874778 608.58560953 631.74660223 678.8339091  622.76789992
 636.09663089]
Sum:
mean: 436.20618823704234
var: 22177.294350350978
-- time grass --
Individuals:
mean: [10.82325 15.00375 18.3088  18.2134  15.49065 17.1604 ]
var: [31.63770944 30.03643594 21.31594256 35.00846044 25.57071258 37.53927184]
Sum:
mean: 95.00025
var: 192.56084993749997
-- time live --
Individuals:
mean: [0.65711667 0.65711667 0.65711667 0.65711667 0.65711667 0.65711667]
var: [0.01974491 0.01974491 0.01974491 0.01974491 0.01974491 0.01974491]
Sum:
mean: 3.9427
var: 0.71081671
wolf precision: 0.0
sheep precision: 1.053026456228688


-- Wolves from competitor 0 V.S. Sheep from baseline 2 (./result/food_collect_epc/stage-1/seed-0 and ./result/food_collect_epc/stage-1/seed-2) --

Wolves

Sheep
-- rewards --
Individuals:
mean: [67.06522751 68.0827166  68.39789984 67.90627541 68.23145134 67.99722537]
var: [514.3924069  489.79409047 511.69413689 526.32990917 528.90058513
 493.42981342]
Sum:
mean: 407.6807960750959
var: 18022.59601066869
-- time grass --
Individuals:
mean: [13.13945 11.78945 15.2896  16.4808  20.3321   9.3685 ]
var: [39.8921037  29.8784187  46.73903184 31.04173136 12.03380959 51.53760775]
Sum:
mean: 86.3999
var: 212.20347999
-- time live --
Individuals:
mean: [0.62795 0.62795 0.62795 0.62795 0.62795 0.62795]
var: [0.02161769 0.02161769 0.02161769 0.02161769 0.02161769 0.02161769]
Sum:
mean: 3.7677
var: 0.7782367099999999
wolf precision: 0.0
sheep precision: 0.9492785684578761


-- Wolves from competitor 0 V.S. Sheep from baseline 3 (./result/food_collect_epc/stage-1/seed-0 and ./result/food_collect_epc/stage-1/seed-3) --

Wolves

Sheep
-- rewards --
Individuals:
mean: [64.66827887 63.90362019 63.66405583 62.72885877 63.74292906 64.33977137]
var: [426.51139244 427.90831366 420.76270207 461.93818594 423.93564872
 431.01153678]
Sum:
mean: 383.0475140749926
var: 14966.23121510146
-- time grass --
Individuals:
mean: [18.111   14.59825  7.66005 12.7954  14.84805 15.74605]
var: [27.758479   28.24684694 48.337884   67.32083884 26.4457612  48.2912594 ]
Sum:
mean: 83.7588
var: 237.75652256
-- time live --
Individuals:
mean: [0.57216667 0.57216667 0.57216667 0.57216667 0.57216667 0.57216667]
var: [0.02239753 0.02239753 0.02239753 0.02239753 0.02239753 0.02239753]
Sum:
mean: 3.433
var: 0.806311
wolf precision: 0.0
sheep precision: 0.8650500336715056


-- Wolves from competitor 0 V.S. Sheep from baseline 4 (./result/food_collect_epc/stage-1/seed-0 and ./result/food_collect_epc/stage-1/seed-4) --

Wolves

Sheep
-- rewards --
Individuals:
mean: [75.20081431 75.14926694 74.91176077 74.57862144 75.5822017  74.45279318]
var: [695.80054896 683.96822974 695.52590323 692.13006792 689.95874737
 678.8288667 ]
Sum:
mean: 449.875458321401
var: 24416.699092998286
-- time grass --
Individuals:
mean: [17.4102  17.2446  16.24615 15.23925 18.98835 12.6925 ]
var: [30.88173596 20.96007084 45.80396018 41.88240944 22.73301428 45.44114375]
Sum:
mean: 97.82105
var: 216.0085268975
-- time live --
Individuals:
mean: [0.653275 0.653275 0.653275 0.653275 0.653275 0.653275]
var: [0.0197915 0.0197915 0.0197915 0.0197915 0.0197915 0.0197915]
Sum:
mean: 3.91965
var: 0.7124938775
wolf precision: 0.0
sheep precision: 1.1049140032825695


-- Wolves from competitor 0 V.S. Sheep from baseline 5 (./result/food_collect_epc/stage-1/seed-0 and ./result/food_collect_epc/stage-1/seed-5) --

Wolves

Sheep
-- rewards --
Individuals:
mean: [68.71049664 69.03925342 67.47255116 68.282282   69.121712   67.47815989]
var: [510.94500224 517.59524652 482.90921082 515.17334554 512.494615
 483.92164687]
Sum:
mean: 410.1044551022195
var: 17787.730620011655
-- time grass --
Individuals:
mean: [16.25235 19.2206  11.18915 14.2715  18.11585 10.86395]
var: [35.86136948 19.35253564 39.18697228 37.26958775 26.42082878 38.8407404 ]
Sum:
mean: 89.9134
var: 212.31120044
-- time live --
Individuals:
mean: [0.599975 0.599975 0.599975 0.599975 0.599975 0.599975]
var: [0.02170639 0.02170639 0.02170639 0.02170639 0.02170639 0.02170639]
Sum:
mean: 3.59985
var: 0.7814299774999997
wolf precision: 0.0
sheep precision: 0.9430729192382649


Competitor wolf scores: [[0. 0. 0. 0. 0. 0.]]
mean: [0.]
worst: [0.]


Competitor wolf time grass: [[0. 0. 0. 0. 0. 0.]]
mean: [0.]
worst: [0.]


Competitor wolf time live: [[0. 0. 0. 0. 0. 0.]]
mean: [0.]
worst: [0.]

Competitor sheep scores: [[0. 0. 0. 0. 0. 0.]]
mean: [0.]
worst: [0.]


Competitor sheep time grass: [[0. 0. 0. 0. 0. 0.]]
mean: [0.]
worst: [0.]


Competitor sheep time live: [[0. 0. 0. 0. 0. 0.]]
mean: [0.]
worst: [0.]


Baseline wolf scores: [[0.]
 [0.]
 [0.]
 [0.]
 [0.]
 [0.]]
mean: [0. 0. 0. 0. 0. 0.]
worst: [0. 0. 0. 0. 0. 0.]


Baseline wolf time grass: [[0.]
 [0.]
 [0.]
 [0.]
 [0.]
 [0.]]
mean: [0. 0. 0. 0. 0. 0.]
worst: [0. 0. 0. 0. 0. 0.]


Baseline wolf time live: [[0.]
 [0.]
 [0.]
 [0.]
 [0.]
 [0.]]
mean: [0. 0. 0. 0. 0. 0.]
worst: [0. 0. 0. 0. 0. 0.]

Baseline sheep scores: [[424.07643476]
 [436.20618824]
 [407.68079608]
 [383.04751407]
 [449.87545832]
 [410.1044551 ]]
mean: [424.07643476 436.20618824 407.68079608 383.04751407 449.87545832
 410.1044551 ]
worst: [424.07643476 436.20618824 407.68079608 383.04751407 449.87545832
 410.1044551 ]


Baseline sheep time grass: [[15.652925  ]
 [15.833375  ]
 [14.39998333]
 [13.9598    ]
 [16.30350833]
 [14.98556667]]
mean: [15.652925   15.833375   14.39998333 13.9598     16.30350833 14.98556667]
worst: [15.652925   15.833375   14.39998333 13.9598     16.30350833 14.98556667]


Baseline sheep time live: [[0.63301667]
 [0.65711667]
 [0.62795   ]
 [0.57216667]
 [0.653275  ]
 [0.599975  ]]
mean: [0.63301667 0.65711667 0.62795    0.57216667 0.653275   0.599975  ]
worst: [0.63301667 0.65711667 0.62795    0.57216667 0.653275   0.599975  ]