# stage 0 seed 0-5
# stage 1 seed 0-5
# stage 2 seed 0-5


# stage 0 seed 0
100 episodes, total time: 1.11, update time: 0.00 (sample time: 0.00, target action time: 0.00, pure update time: 0.00), save time: 0.11.
reward: [-39.10742712763063, -38.907427127630626, -38.807427127630625] (mean: -39.274)

50000 episodes, total time: 3.64, update time: 2.79 (sample time: 0.00, target action time: 0.00, pure update time: 2.78), save time: 0.08.
reward: [-13.582100090553855, -14.232100090553853, -14.582100090553855] (mean: -14.132)
Total training time:  0h38m15s.249.

# stage 0 seed 1
100 episodes, total time: 1.05, update time: 0.00 (sample time: 0.00, target action time: 0.00, pure update time: 0.00), save time: 0.08.
reward: [-37.91605517017056, -38.06605517017056, -38.06605517017056] (mean: -38.016)

50000 episodes, total time: 3.30, update time: 2.52 (sample time: 0.00, target action time: 0.00, pure update time: 2.51), save time: 0.08.
reward: [-7.110784454879027, -7.360784454879027, -6.910784454879024] (mean: -7.127)
Total training time:  0h36m 6s.745.

# stage 0 seed 2
100 episodes, total time: 1.04, update time: 0.00 (sample time: 0.00, target action time: 0.00, pure update time: 0.00), save time: 0.08.
reward: [-28.856142945955053, -28.956142945955055, -28.956142945955055] (mean: -28.923)

50000 episodes, total time: 3.09, update time: 2.29 (sample time: 0.00, target action time: 0.00, pure update time: 2.28), save time: 0.07.
reward: [-7.4861156197644245, -7.086115619764425, -7.036115619764425] (mean: -7.203)
Total training time:  0h34m55s.447.